<?xml version="1.0" encoding="UTF-8"?>
<!-- Generated by org.testng.reporters.JUnitReportReporter -->
<testsuite skipped="0" hostname="LAPTOP-J5D92MDD" name="test.UpdateAccountPageTest" tests="2" failures="0" timestamp="2022-11-30T23:39:45 IST" time="13.956" errors="0">
  <testcase name="verifyUpdateAcBalanceAlertMsg" time="9.233" classname="test.UpdateAccountPageTest"/>
  <testcase name="verifyUpdateAcHeaderText" time="4.723" classname="test.UpdateAccountPageTest"/>
</testsuite> <!-- test.UpdateAccountPageTest -->
